2018-12-17 14:12:10.212 - pysb - INFO - Logging started on PySB version 0.1.11+661.g011b713
2018-12-17 14:12:10.213 - pysb - INFO - Log entry time offset from UTC: -6.00 hours
2018-12-17 14:12:10.264 - pysb.bng - INFO - [models.tyson_oscillator_in_situ] Generating reaction network
2018-12-17 14:12:10.840 - pysb.tools.sensitivity_analysis - INFO - [models.tyson_oscillator_in_situ] InitialsSensitivity created for observable Y3
2018-12-17 14:12:11.469 - pysb.simulator.cupsoda - INFO - [models.tyson_oscillator_in_situ] Simulation(s) started
2018-12-17 14:12:11.521 - pysb.simulator.cupsoda - INFO - [models.tyson_oscillator_in_situ] Running cupSODA: /usr/local/share/cupSODA /var/folders/0k/y_q_fzr52bvgk9fcm_zx8w400000gn/T/models_tyson_oscillator_in_situ_mA5ooc/INPUT 1 /var/folders/0k/y_q_fzr52bvgk9fcm_zx8w400000gn/T/models_tyson_oscillator_in_situ_mA5ooc/OUTPUT models_tyson_oscillator_in_situ 0 0 2 0
2018-12-17 14:12:11.554 - pysb.simulator.cupsoda - ERROR - [models.tyson_oscillator_in_situ] cupsoda strerr:
cudaCheckError() failed at kernel.cu:174 : CUDA driver version is insufficient for CUDA runtime version
sh: pause: command not found

2018-12-17 14:12:24.875 - pysb - INFO - Logging started on PySB version 0.1.11+661.g011b713
2018-12-17 14:12:24.891 - pysb - INFO - Log entry time offset from UTC: -6.00 hours
2018-12-17 14:12:24.913 - pysb.bng - INFO - [models.tyson_oscillator_in_situ] Generating reaction network
2018-12-17 14:12:25.450 - pysb.tools.sensitivity_analysis - INFO - [models.tyson_oscillator_in_situ] InitialsSensitivity created for observable Y3
2018-12-17 14:12:26.070 - pysb.simulator.scipyode - INFO - [models.tyson_oscillator_in_situ] Simulation(s) started
2018-12-17 14:12:26.073 - pysb.simulator.scipyode - INFO - [models.tyson_oscillator_in_situ] Running simulation 1 of 1
2018-12-17 14:12:26.148 - pysb.simulator.scipyode - INFO - [models.tyson_oscillator_in_situ] All simulation(s) complete
2018-12-17 14:12:26.170 - pysb.simulator.scipyode - INFO - [models.tyson_oscillator_in_situ] Simulation(s) started
2018-12-17 14:12:26.171 - pysb.simulator.scipyode - INFO - [models.tyson_oscillator_in_situ] Running simulation 1 of 441
2018-12-17 14:12:26.232 - pysb.simulator.scipyode - INFO - [models.tyson_oscillator_in_situ] Running simulation 2 of 441
2018-12-17 14:12:26.293 - pysb.simulator.scipyode - INFO - [models.tyson_oscillator_in_situ] Running simulation 3 of 441
2018-12-17 14:12:26.349 - pysb.simulator.scipyode - INFO - [models.tyson_oscillator_in_situ] Running simulation 4 of 441
2018-12-17 14:12:26.408 - pysb.simulator.scipyode - INFO - [models.tyson_oscillator_in_situ] Running simulation 5 of 441
2018-12-17 14:12:26.466 - pysb.simulator.scipyode - INFO - [models.tyson_oscillator_in_situ] Running simulation 6 of 441
2018-12-17 14:12:26.519 - pysb.simulator.scipyode - INFO - [models.tyson_oscillator_in_situ] Running simulation 7 of 441
2018-12-17 14:12:26.577 - pysb.simulator.scipyode - INFO - [models.tyson_oscillator_in_situ] Running simulation 8 of 441
2018-12-17 14:12:26.635 - pysb.simulator.scipyode - INFO - [models.tyson_oscillator_in_situ] Running simulation 9 of 441
2018-12-17 14:12:26.691 - pysb.simulator.scipyode - INFO - [models.tyson_oscillator_in_situ] Running simulation 10 of 441
2018-12-17 14:12:26.756 - pysb.simulator.scipyode - INFO - [models.tyson_oscillator_in_situ] Running simulation 11 of 441
2018-12-17 14:12:26.816 - pysb.simulator.scipyode - INFO - [models.tyson_oscillator_in_situ] Running simulation 12 of 441
2018-12-17 14:12:26.875 - pysb.simulator.scipyode - INFO - [models.tyson_oscillator_in_situ] Running simulation 13 of 441
2018-12-17 14:12:26.933 - pysb.simulator.scipyode - INFO - [models.tyson_oscillator_in_situ] Running simulation 14 of 441
2018-12-17 14:12:26.996 - pysb.simulator.scipyode - INFO - [models.tyson_oscillator_in_situ] Running simulation 15 of 441
2018-12-17 14:12:27.056 - pysb.simulator.scipyode - INFO - [models.tyson_oscillator_in_situ] Running simulation 16 of 441
2018-12-17 14:12:27.113 - pysb.simulator.scipyode - INFO - [models.tyson_oscillator_in_situ] Running simulation 17 of 441
2018-12-17 14:12:27.169 - pysb.simulator.scipyode - INFO - [models.tyson_oscillator_in_situ] Running simulation 18 of 441
2018-12-17 14:12:27.229 - pysb.simulator.scipyode - INFO - [models.tyson_oscillator_in_situ] Running simulation 19 of 441
2018-12-17 14:12:27.288 - pysb.simulator.scipyode - INFO - [models.tyson_oscillator_in_situ] Running simulation 20 of 441
2018-12-17 14:12:27.349 - pysb.simulator.scipyode - INFO - [models.tyson_oscillator_in_situ] Running simulation 21 of 441
2018-12-17 14:12:27.405 - pysb.simulator.scipyode - INFO - [models.tyson_oscillator_in_situ] Running simulation 22 of 441
2018-12-17 14:12:27.462 - pysb.simulator.scipyode - INFO - [models.tyson_oscillator_in_situ] Running simulation 23 of 441
2018-12-17 14:12:27.519 - pysb.simulator.scipyode - INFO - [models.tyson_oscillator_in_situ] Running simulation 24 of 441
2018-12-17 14:12:27.581 - pysb.simulator.scipyode - INFO - [models.tyson_oscillator_in_situ] Running simulation 25 of 441
2018-12-17 14:12:27.639 - pysb.simulator.scipyode - INFO - [models.tyson_oscillator_in_situ] Running simulation 26 of 441
2018-12-17 14:12:27.696 - pysb.simulator.scipyode - INFO - [models.tyson_oscillator_in_situ] Running simulation 27 of 441
2018-12-17 14:12:27.753 - pysb.simulator.scipyode - INFO - [models.tyson_oscillator_in_situ] Running simulation 28 of 441
2018-12-17 14:12:27.808 - pysb.simulator.scipyode - INFO - [models.tyson_oscillator_in_situ] Running simulation 29 of 441
2018-12-17 14:12:27.863 - pysb.simulator.scipyode - INFO - [models.tyson_oscillator_in_situ] Running simulation 30 of 441
2018-12-17 14:12:27.921 - pysb.simulator.scipyode - INFO - [models.tyson_oscillator_in_situ] Running simulation 31 of 441
2018-12-17 14:12:27.978 - pysb.simulator.scipyode - INFO - [models.tyson_oscillator_in_situ] Running simulation 32 of 441
2018-12-17 14:12:28.037 - pysb.simulator.scipyode - INFO - [models.tyson_oscillator_in_situ] Running simulation 33 of 441
2018-12-17 14:12:28.095 - pysb.simulator.scipyode - INFO - [models.tyson_oscillator_in_situ] Running simulation 34 of 441
2018-12-17 14:12:28.151 - pysb.simulator.scipyode - INFO - [models.tyson_oscillator_in_situ] Running simulation 35 of 441
2018-12-17 14:12:28.209 - pysb.simulator.scipyode - INFO - [models.tyson_oscillator_in_situ] Running simulation 36 of 441
2018-12-17 14:12:28.265 - pysb.simulator.scipyode - INFO - [models.tyson_oscillator_in_situ] Running simulation 37 of 441
2018-12-17 14:12:28.327 - pysb.simulator.scipyode - INFO - [models.tyson_oscillator_in_situ] Running simulation 38 of 441
2018-12-17 14:12:28.384 - pysb.simulator.scipyode - INFO - [models.tyson_oscillator_in_situ] Running simulation 39 of 441
2018-12-17 14:12:28.444 - pysb.simulator.scipyode - INFO - [models.tyson_oscillator_in_situ] Running simulation 40 of 441
2018-12-17 14:12:28.502 - pysb.simulator.scipyode - INFO - [models.tyson_oscillator_in_situ] Running simulation 41 of 441
2018-12-17 14:12:28.561 - pysb.simulator.scipyode - INFO - [models.tyson_oscillator_in_situ] Running simulation 42 of 441
2018-12-17 14:12:28.619 - pysb.simulator.scipyode - INFO - [models.tyson_oscillator_in_situ] Running simulation 43 of 441
2018-12-17 14:12:28.681 - pysb.simulator.scipyode - INFO - [models.tyson_oscillator_in_situ] Running simulation 44 of 441
2018-12-17 14:12:28.738 - pysb.simulator.scipyode - INFO - [models.tyson_oscillator_in_situ] Running simulation 45 of 441
2018-12-17 14:12:28.794 - pysb.simulator.scipyode - INFO - [models.tyson_oscillator_in_situ] Running simulation 46 of 441
2018-12-17 14:12:28.851 - pysb.simulator.scipyode - INFO - [models.tyson_oscillator_in_situ] Running simulation 47 of 441
2018-12-17 14:12:28.906 - pysb.simulator.scipyode - INFO - [models.tyson_oscillator_in_situ] Running simulation 48 of 441
2018-12-17 14:12:28.963 - pysb.simulator.scipyode - INFO - [models.tyson_oscillator_in_situ] Running simulation 49 of 441
2018-12-17 14:12:29.017 - pysb.simulator.scipyode - INFO - [models.tyson_oscillator_in_situ] Running simulation 50 of 441
2018-12-17 14:12:29.073 - pysb.simulator.scipyode - INFO - [models.tyson_oscillator_in_situ] Running simulation 51 of 441
2018-12-17 14:12:29.133 - pysb.simulator.scipyode - INFO - [models.tyson_oscillator_in_situ] Running simulation 52 of 441
2018-12-17 14:12:29.186 - pysb.simulator.scipyode - INFO - [models.tyson_oscillator_in_situ] Running simulation 53 of 441
2018-12-17 14:12:29.246 - pysb.simulator.scipyode - INFO - [models.tyson_oscillator_in_situ] Running simulation 54 of 441
2018-12-17 14:12:29.304 - pysb.simulator.scipyode - INFO - [models.tyson_oscillator_in_situ] Running simulation 55 of 441
2018-12-17 14:12:29.364 - pysb.simulator.scipyode - INFO - [models.tyson_oscillator_in_situ] Running simulation 56 of 441
2018-12-17 14:12:29.423 - pysb.simulator.scipyode - INFO - [models.tyson_oscillator_in_situ] Running simulation 57 of 441
2018-12-17 14:12:29.479 - pysb.simulator.scipyode - INFO - [models.tyson_oscillator_in_situ] Running simulation 58 of 441
2018-12-17 14:12:29.539 - pysb.simulator.scipyode - INFO - [models.tyson_oscillator_in_situ] Running simulation 59 of 441
2018-12-17 14:12:29.595 - pysb.simulator.scipyode - INFO - [models.tyson_oscillator_in_situ] Running simulation 60 of 441
2018-12-17 14:12:29.651 - pysb.simulator.scipyode - INFO - [models.tyson_oscillator_in_situ] Running simulation 61 of 441
2018-12-17 14:12:29.709 - pysb.simulator.scipyode - INFO - [models.tyson_oscillator_in_situ] Running simulation 62 of 441
2018-12-17 14:12:29.770 - pysb.simulator.scipyode - INFO - [models.tyson_oscillator_in_situ] Running simulation 63 of 441
2018-12-17 14:12:29.835 - pysb.simulator.scipyode - INFO - [models.tyson_oscillator_in_situ] Running simulation 64 of 441
2018-12-17 14:12:29.893 - pysb.simulator.scipyode - INFO - [models.tyson_oscillator_in_situ] Running simulation 65 of 441
2018-12-17 14:12:29.948 - pysb.simulator.scipyode - INFO - [models.tyson_oscillator_in_situ] Running simulation 66 of 441
2018-12-17 14:12:30.006 - pysb.simulator.scipyode - INFO - [models.tyson_oscillator_in_situ] Running simulation 67 of 441
2018-12-17 14:12:30.065 - pysb.simulator.scipyode - INFO - [models.tyson_oscillator_in_situ] Running simulation 68 of 441
2018-12-17 14:12:30.123 - pysb.simulator.scipyode - INFO - [models.tyson_oscillator_in_situ] Running simulation 69 of 441
2018-12-17 14:12:30.178 - pysb.simulator.scipyode - INFO - [models.tyson_oscillator_in_situ] Running simulation 70 of 441
2018-12-17 14:12:30.240 - pysb.simulator.scipyode - INFO - [models.tyson_oscillator_in_situ] Running simulation 71 of 441
2018-12-17 14:12:30.300 - pysb.simulator.scipyode - INFO - [models.tyson_oscillator_in_situ] Running simulation 72 of 441
2018-12-17 14:12:30.354 - pysb.simulator.scipyode - INFO - [models.tyson_oscillator_in_situ] Running simulation 73 of 441
2018-12-17 14:12:30.408 - pysb.simulator.scipyode - INFO - [models.tyson_oscillator_in_situ] Running simulation 74 of 441
2018-12-17 14:12:30.468 - pysb.simulator.scipyode - INFO - [models.tyson_oscillator_in_situ] Running simulation 75 of 441
2018-12-17 14:12:30.527 - pysb.simulator.scipyode - INFO - [models.tyson_oscillator_in_situ] Running simulation 76 of 441
2018-12-17 14:12:30.587 - pysb.simulator.scipyode - INFO - [models.tyson_oscillator_in_situ] Running simulation 77 of 441
2018-12-17 14:12:30.651 - pysb.simulator.scipyode - INFO - [models.tyson_oscillator_in_situ] Running simulation 78 of 441
2018-12-17 14:12:30.710 - pysb.simulator.scipyode - INFO - [models.tyson_oscillator_in_situ] Running simulation 79 of 441
2018-12-17 14:12:30.770 - pysb.simulator.scipyode - INFO - [models.tyson_oscillator_in_situ] Running simulation 80 of 441
2018-12-17 14:12:30.828 - pysb.simulator.scipyode - INFO - [models.tyson_oscillator_in_situ] Running simulation 81 of 441
2018-12-17 14:12:30.889 - pysb.simulator.scipyode - INFO - [models.tyson_oscillator_in_situ] Running simulation 82 of 441
2018-12-17 14:12:30.948 - pysb.simulator.scipyode - INFO - [models.tyson_oscillator_in_situ] Running simulation 83 of 441
2018-12-17 14:12:31.007 - pysb.simulator.scipyode - INFO - [models.tyson_oscillator_in_situ] Running simulation 84 of 441
2018-12-17 14:12:31.064 - pysb.simulator.scipyode - INFO - [models.tyson_oscillator_in_situ] Running simulation 85 of 441
2018-12-17 14:12:31.121 - pysb.simulator.scipyode - INFO - [models.tyson_oscillator_in_situ] Running simulation 86 of 441
2018-12-17 14:12:31.178 - pysb.simulator.scipyode - INFO - [models.tyson_oscillator_in_situ] Running simulation 87 of 441
2018-12-17 14:12:31.234 - pysb.simulator.scipyode - INFO - [models.tyson_oscillator_in_situ] Running simulation 88 of 441
2018-12-17 14:12:31.290 - pysb.simulator.scipyode - INFO - [models.tyson_oscillator_in_situ] Running simulation 89 of 441
2018-12-17 14:12:31.348 - pysb.simulator.scipyode - INFO - [models.tyson_oscillator_in_situ] Running simulation 90 of 441
2018-12-17 14:12:31.404 - pysb.simulator.scipyode - INFO - [models.tyson_oscillator_in_situ] Running simulation 91 of 441
2018-12-17 14:12:31.465 - pysb.simulator.scipyode - INFO - [models.tyson_oscillator_in_situ] Running simulation 92 of 441
2018-12-17 14:12:31.522 - pysb.simulator.scipyode - INFO - [models.tyson_oscillator_in_situ] Running simulation 93 of 441
2018-12-17 14:12:31.578 - pysb.simulator.scipyode - INFO - [models.tyson_oscillator_in_situ] Running simulation 94 of 441
2018-12-17 14:12:31.636 - pysb.simulator.scipyode - INFO - [models.tyson_oscillator_in_situ] Running simulation 95 of 441
2018-12-17 14:12:31.689 - pysb.simulator.scipyode - INFO - [models.tyson_oscillator_in_situ] Running simulation 96 of 441
2018-12-17 14:12:31.745 - pysb.simulator.scipyode - INFO - [models.tyson_oscillator_in_situ] Running simulation 97 of 441
2018-12-17 14:12:31.803 - pysb.simulator.scipyode - INFO - [models.tyson_oscillator_in_situ] Running simulation 98 of 441
2018-12-17 14:12:31.862 - pysb.simulator.scipyode - INFO - [models.tyson_oscillator_in_situ] Running simulation 99 of 441
2018-12-17 14:12:31.920 - pysb.simulator.scipyode - INFO - [models.tyson_oscillator_in_situ] Running simulation 100 of 441
2018-12-17 14:12:31.981 - pysb.simulator.scipyode - INFO - [models.tyson_oscillator_in_situ] Running simulation 101 of 441
2018-12-17 14:12:32.039 - pysb.simulator.scipyode - INFO - [models.tyson_oscillator_in_situ] Running simulation 102 of 441
2018-12-17 14:12:32.100 - pysb.simulator.scipyode - INFO - [models.tyson_oscillator_in_situ] Running simulation 103 of 441
2018-12-17 14:12:32.162 - pysb.simulator.scipyode - INFO - [models.tyson_oscillator_in_situ] Running simulation 104 of 441
2018-12-17 14:12:32.228 - pysb.simulator.scipyode - INFO - [models.tyson_oscillator_in_situ] Running simulation 105 of 441
2018-12-17 14:12:32.291 - pysb.simulator.scipyode - INFO - [models.tyson_oscillator_in_situ] Running simulation 106 of 441
2018-12-17 14:12:32.353 - pysb.simulator.scipyode - INFO - [models.tyson_oscillator_in_situ] Running simulation 107 of 441
2018-12-17 14:12:32.415 - pysb.simulator.scipyode - INFO - [models.tyson_oscillator_in_situ] Running simulation 108 of 441
2018-12-17 14:12:32.474 - pysb.simulator.scipyode - INFO - [models.tyson_oscillator_in_situ] Running simulation 109 of 441
2018-12-17 14:12:32.529 - pysb.simulator.scipyode - INFO - [models.tyson_oscillator_in_situ] Running simulation 110 of 441
2018-12-17 14:12:32.588 - pysb.simulator.scipyode - INFO - [models.tyson_oscillator_in_situ] Running simulation 111 of 441
2018-12-17 14:12:32.648 - pysb.simulator.scipyode - INFO - [models.tyson_oscillator_in_situ] Running simulation 112 of 441
2018-12-17 14:12:32.709 - pysb.simulator.scipyode - INFO - [models.tyson_oscillator_in_situ] Running simulation 113 of 441
2018-12-17 14:12:32.775 - pysb.simulator.scipyode - INFO - [models.tyson_oscillator_in_situ] Running simulation 114 of 441
2018-12-17 14:12:32.837 - pysb.simulator.scipyode - INFO - [models.tyson_oscillator_in_situ] Running simulation 115 of 441
2018-12-17 14:12:32.898 - pysb.simulator.scipyode - INFO - [models.tyson_oscillator_in_situ] Running simulation 116 of 441
2018-12-17 14:12:32.961 - pysb.simulator.scipyode - INFO - [models.tyson_oscillator_in_situ] Running simulation 117 of 441
2018-12-17 14:12:33.024 - pysb.simulator.scipyode - INFO - [models.tyson_oscillator_in_situ] Running simulation 118 of 441
2018-12-17 14:12:33.086 - pysb.simulator.scipyode - INFO - [models.tyson_oscillator_in_situ] Running simulation 119 of 441
2018-12-17 14:12:33.143 - pysb.simulator.scipyode - INFO - [models.tyson_oscillator_in_situ] Running simulation 120 of 441
2018-12-17 14:12:33.205 - pysb.simulator.scipyode - INFO - [models.tyson_oscillator_in_situ] Running simulation 121 of 441
2018-12-17 14:12:33.262 - pysb.simulator.scipyode - INFO - [models.tyson_oscillator_in_situ] Running simulation 122 of 441
2018-12-17 14:12:33.335 - pysb.simulator.scipyode - INFO - [models.tyson_oscillator_in_situ] Running simulation 123 of 441
2018-12-17 14:12:33.397 - pysb.simulator.scipyode - INFO - [models.tyson_oscillator_in_situ] Running simulation 124 of 441
2018-12-17 14:12:33.459 - pysb.simulator.scipyode - INFO - [models.tyson_oscillator_in_situ] Running simulation 125 of 441
2018-12-17 14:12:33.520 - pysb.simulator.scipyode - INFO - [models.tyson_oscillator_in_situ] Running simulation 126 of 441
2018-12-17 14:12:33.583 - pysb.simulator.scipyode - INFO - [models.tyson_oscillator_in_situ] Running simulation 127 of 441
2018-12-17 14:12:33.639 - pysb.simulator.scipyode - INFO - [models.tyson_oscillator_in_situ] Running simulation 128 of 441
2018-12-17 14:12:33.699 - pysb.simulator.scipyode - INFO - [models.tyson_oscillator_in_situ] Running simulation 129 of 441
2018-12-17 14:12:33.753 - pysb.simulator.scipyode - INFO - [models.tyson_oscillator_in_situ] Running simulation 130 of 441
2018-12-17 14:12:33.811 - pysb.simulator.scipyode - INFO - [models.tyson_oscillator_in_situ] Running simulation 131 of 441
2018-12-17 14:12:33.878 - pysb.simulator.scipyode - INFO - [models.tyson_oscillator_in_situ] Running simulation 132 of 441
2018-12-17 14:12:33.937 - pysb.simulator.scipyode - INFO - [models.tyson_oscillator_in_situ] Running simulation 133 of 441
2018-12-17 14:12:34.005 - pysb.simulator.scipyode - INFO - [models.tyson_oscillator_in_situ] Running simulation 134 of 441
2018-12-17 14:12:34.067 - pysb.simulator.scipyode - INFO - [models.tyson_oscillator_in_situ] Running simulation 135 of 441
2018-12-17 14:12:34.129 - pysb.simulator.scipyode - INFO - [models.tyson_oscillator_in_situ] Running simulation 136 of 441
2018-12-17 14:12:34.191 - pysb.simulator.scipyode - INFO - [models.tyson_oscillator_in_situ] Running simulation 137 of 441
2018-12-17 14:12:34.248 - pysb.simulator.scipyode - INFO - [models.tyson_oscillator_in_situ] Running simulation 138 of 441
2018-12-17 14:12:34.307 - pysb.simulator.scipyode - INFO - [models.tyson_oscillator_in_situ] Running simulation 139 of 441
2018-12-17 14:12:34.361 - pysb.simulator.scipyode - INFO - [models.tyson_oscillator_in_situ] Running simulation 140 of 441
2018-12-17 14:12:34.418 - pysb.simulator.scipyode - INFO - [models.tyson_oscillator_in_situ] Running simulation 141 of 441
2018-12-17 14:12:34.476 - pysb.simulator.scipyode - INFO - [models.tyson_oscillator_in_situ] Running simulation 142 of 441
2018-12-17 14:12:34.541 - pysb.simulator.scipyode - INFO - [models.tyson_oscillator_in_situ] Running simulation 143 of 441
2018-12-17 14:12:34.668 - pysb.simulator.scipyode - INFO - [models.tyson_oscillator_in_situ] Running simulation 144 of 441
2018-12-17 14:12:34.728 - pysb.simulator.scipyode - INFO - [models.tyson_oscillator_in_situ] Running simulation 145 of 441
2018-12-17 14:12:34.792 - pysb.simulator.scipyode - INFO - [models.tyson_oscillator_in_situ] Running simulation 146 of 441
2018-12-17 14:12:34.852 - pysb.simulator.scipyode - INFO - [models.tyson_oscillator_in_situ] Running simulation 147 of 441
2018-12-17 14:12:34.923 - pysb.simulator.scipyode - INFO - [models.tyson_oscillator_in_situ] Running simulation 148 of 441
2018-12-17 14:12:35.040 - pysb.simulator.scipyode - INFO - [models.tyson_oscillator_in_situ] Running simulation 149 of 441
2018-12-17 14:12:35.096 - pysb.simulator.scipyode - INFO - [models.tyson_oscillator_in_situ] Running simulation 150 of 441
2018-12-17 14:12:35.156 - pysb.simulator.scipyode - INFO - [models.tyson_oscillator_in_situ] Running simulation 151 of 441
2018-12-17 14:12:35.212 - pysb.simulator.scipyode - INFO - [models.tyson_oscillator_in_situ] Running simulation 152 of 441
2018-12-17 14:12:35.272 - pysb.simulator.scipyode - INFO - [models.tyson_oscillator_in_situ] Running simulation 153 of 441
2018-12-17 14:12:35.329 - pysb.simulator.scipyode - INFO - [models.tyson_oscillator_in_situ] Running simulation 154 of 441
2018-12-17 14:12:35.388 - pysb.simulator.scipyode - INFO - [models.tyson_oscillator_in_situ] Running simulation 155 of 441
2018-12-17 14:12:35.449 - pysb.simulator.scipyode - INFO - [models.tyson_oscillator_in_situ] Running simulation 156 of 441
2018-12-17 14:12:35.503 - pysb.simulator.scipyode - INFO - [models.tyson_oscillator_in_situ] Running simulation 157 of 441
2018-12-17 14:12:35.560 - pysb.simulator.scipyode - INFO - [models.tyson_oscillator_in_situ] Running simulation 158 of 441
2018-12-17 14:12:35.620 - pysb.simulator.scipyode - INFO - [models.tyson_oscillator_in_situ] Running simulation 159 of 441
2018-12-17 14:12:35.675 - pysb.simulator.scipyode - INFO - [models.tyson_oscillator_in_situ] Running simulation 160 of 441
2018-12-17 14:12:35.740 - pysb.simulator.scipyode - INFO - [models.tyson_oscillator_in_situ] Running simulation 161 of 441
2018-12-17 14:12:35.802 - pysb.simulator.scipyode - INFO - [models.tyson_oscillator_in_situ] Running simulation 162 of 441
2018-12-17 14:12:35.873 - pysb.simulator.scipyode - INFO - [models.tyson_oscillator_in_situ] Running simulation 163 of 441
2018-12-17 14:12:35.930 - pysb.simulator.scipyode - INFO - [models.tyson_oscillator_in_situ] Running simulation 164 of 441
2018-12-17 14:12:35.995 - pysb.simulator.scipyode - INFO - [models.tyson_oscillator_in_situ] Running simulation 165 of 441
2018-12-17 14:12:36.056 - pysb.simulator.scipyode - INFO - [models.tyson_oscillator_in_situ] Running simulation 166 of 441
2018-12-17 14:12:36.113 - pysb.simulator.scipyode - INFO - [models.tyson_oscillator_in_situ] Running simulation 167 of 441
2018-12-17 14:12:36.171 - pysb.simulator.scipyode - INFO - [models.tyson_oscillator_in_situ] Running simulation 168 of 441
2018-12-17 14:12:36.238 - pysb.simulator.scipyode - INFO - [models.tyson_oscillator_in_situ] Running simulation 169 of 441
2018-12-17 14:12:36.302 - pysb.simulator.scipyode - INFO - [models.tyson_oscillator_in_situ] Running simulation 170 of 441
2018-12-17 14:12:36.362 - pysb.simulator.scipyode - INFO - [models.tyson_oscillator_in_situ] Running simulation 171 of 441
2018-12-17 14:12:36.423 - pysb.simulator.scipyode - INFO - [models.tyson_oscillator_in_situ] Running simulation 172 of 441
2018-12-17 14:12:36.483 - pysb.simulator.scipyode - INFO - [models.tyson_oscillator_in_situ] Running simulation 173 of 441
2018-12-17 14:12:36.536 - pysb.simulator.scipyode - INFO - [models.tyson_oscillator_in_situ] Running simulation 174 of 441
2018-12-17 14:12:36.589 - pysb.simulator.scipyode - INFO - [models.tyson_oscillator_in_situ] Running simulation 175 of 441
2018-12-17 14:12:36.646 - pysb.simulator.scipyode - INFO - [models.tyson_oscillator_in_situ] Running simulation 176 of 441
2018-12-17 14:12:36.700 - pysb.simulator.scipyode - INFO - [models.tyson_oscillator_in_situ] Running simulation 177 of 441
2018-12-17 14:12:36.756 - pysb.simulator.scipyode - INFO - [models.tyson_oscillator_in_situ] Running simulation 178 of 441
2018-12-17 14:12:36.813 - pysb.simulator.scipyode - INFO - [models.tyson_oscillator_in_situ] Running simulation 179 of 441
2018-12-17 14:12:36.881 - pysb.simulator.scipyode - INFO - [models.tyson_oscillator_in_situ] Running simulation 180 of 441
2018-12-17 14:12:36.946 - pysb.simulator.scipyode - INFO - [models.tyson_oscillator_in_situ] Running simulation 181 of 441
2018-12-17 14:12:37.013 - pysb.simulator.scipyode - INFO - [models.tyson_oscillator_in_situ] Running simulation 182 of 441
2018-12-17 14:12:37.079 - pysb.simulator.scipyode - INFO - [models.tyson_oscillator_in_situ] Running simulation 183 of 441
2018-12-17 14:12:37.139 - pysb.simulator.scipyode - INFO - [models.tyson_oscillator_in_situ] Running simulation 184 of 441
2018-12-17 14:12:37.199 - pysb.simulator.scipyode - INFO - [models.tyson_oscillator_in_situ] Running simulation 185 of 441
2018-12-17 14:12:37.258 - pysb.simulator.scipyode - INFO - [models.tyson_oscillator_in_situ] Running simulation 186 of 441
2018-12-17 14:12:37.317 - pysb.simulator.scipyode - INFO - [models.tyson_oscillator_in_situ] Running simulation 187 of 441
2018-12-17 14:12:37.373 - pysb.simulator.scipyode - INFO - [models.tyson_oscillator_in_situ] Running simulation 188 of 441
2018-12-17 14:12:37.429 - pysb.simulator.scipyode - INFO - [models.tyson_oscillator_in_situ] Running simulation 189 of 441
2018-12-17 14:12:37.487 - pysb.simulator.scipyode - INFO - [models.tyson_oscillator_in_situ] Running simulation 190 of 441
2018-12-17 14:12:37.544 - pysb.simulator.scipyode - INFO - [models.tyson_oscillator_in_situ] Running simulation 191 of 441
2018-12-17 14:12:37.603 - pysb.simulator.scipyode - INFO - [models.tyson_oscillator_in_situ] Running simulation 192 of 441
2018-12-17 14:12:37.663 - pysb.simulator.scipyode - INFO - [models.tyson_oscillator_in_situ] Running simulation 193 of 441
2018-12-17 14:12:37.723 - pysb.simulator.scipyode - INFO - [models.tyson_oscillator_in_situ] Running simulation 194 of 441
2018-12-17 14:12:37.783 - pysb.simulator.scipyode - INFO - [models.tyson_oscillator_in_situ] Running simulation 195 of 441
2018-12-17 14:12:37.845 - pysb.simulator.scipyode - INFO - [models.tyson_oscillator_in_situ] Running simulation 196 of 441
2018-12-17 14:12:37.910 - pysb.simulator.scipyode - INFO - [models.tyson_oscillator_in_situ] Running simulation 197 of 441
2018-12-17 14:12:37.974 - pysb.simulator.scipyode - INFO - [models.tyson_oscillator_in_situ] Running simulation 198 of 441
2018-12-17 14:12:38.033 - pysb.simulator.scipyode - INFO - [models.tyson_oscillator_in_situ] Running simulation 199 of 441
2018-12-17 14:12:38.092 - pysb.simulator.scipyode - INFO - [models.tyson_oscillator_in_situ] Running simulation 200 of 441
2018-12-17 14:12:38.157 - pysb.simulator.scipyode - INFO - [models.tyson_oscillator_in_situ] Running simulation 201 of 441
2018-12-17 14:12:38.221 - pysb.simulator.scipyode - INFO - [models.tyson_oscillator_in_situ] Running simulation 202 of 441
2018-12-17 14:12:38.281 - pysb.simulator.scipyode - INFO - [models.tyson_oscillator_in_situ] Running simulation 203 of 441
2018-12-17 14:12:38.339 - pysb.simulator.scipyode - INFO - [models.tyson_oscillator_in_situ] Running simulation 204 of 441
2018-12-17 14:12:38.401 - pysb.simulator.scipyode - INFO - [models.tyson_oscillator_in_situ] Running simulation 205 of 441
2018-12-17 14:12:38.456 - pysb.simulator.scipyode - INFO - [models.tyson_oscillator_in_situ] Running simulation 206 of 441
2018-12-17 14:12:38.510 - pysb.simulator.scipyode - INFO - [models.tyson_oscillator_in_situ] Running simulation 207 of 441
2018-12-17 14:12:38.570 - pysb.simulator.scipyode - INFO - [models.tyson_oscillator_in_situ] Running simulation 208 of 441
2018-12-17 14:12:38.628 - pysb.simulator.scipyode - INFO - [models.tyson_oscillator_in_situ] Running simulation 209 of 441
2018-12-17 14:12:38.682 - pysb.simulator.scipyode - INFO - [models.tyson_oscillator_in_situ] Running simulation 210 of 441
2018-12-17 14:12:38.740 - pysb.simulator.scipyode - INFO - [models.tyson_oscillator_in_situ] Running simulation 211 of 441
2018-12-17 14:12:38.798 - pysb.simulator.scipyode - INFO - [models.tyson_oscillator_in_situ] Running simulation 212 of 441
2018-12-17 14:12:38.859 - pysb.simulator.scipyode - INFO - [models.tyson_oscillator_in_situ] Running simulation 213 of 441
2018-12-17 14:12:38.916 - pysb.simulator.scipyode - INFO - [models.tyson_oscillator_in_situ] Running simulation 214 of 441
2018-12-17 14:12:38.971 - pysb.simulator.scipyode - INFO - [models.tyson_oscillator_in_situ] Running simulation 215 of 441
2018-12-17 14:12:39.028 - pysb.simulator.scipyode - INFO - [models.tyson_oscillator_in_situ] Running simulation 216 of 441
2018-12-17 14:12:39.086 - pysb.simulator.scipyode - INFO - [models.tyson_oscillator_in_situ] Running simulation 217 of 441
2018-12-17 14:12:39.147 - pysb.simulator.scipyode - INFO - [models.tyson_oscillator_in_situ] Running simulation 218 of 441
2018-12-17 14:12:39.206 - pysb.simulator.scipyode - INFO - [models.tyson_oscillator_in_situ] Running simulation 219 of 441
2018-12-17 14:12:39.262 - pysb.simulator.scipyode - INFO - [models.tyson_oscillator_in_situ] Running simulation 220 of 441
2018-12-17 14:12:39.320 - pysb.simulator.scipyode - INFO - [models.tyson_oscillator_in_situ] Running simulation 221 of 441
2018-12-17 14:12:39.375 - pysb.simulator.scipyode - INFO - [models.tyson_oscillator_in_situ] Running simulation 222 of 441
2018-12-17 14:12:39.433 - pysb.simulator.scipyode - INFO - [models.tyson_oscillator_in_situ] Running simulation 223 of 441
2018-12-17 14:12:39.492 - pysb.simulator.scipyode - INFO - [models.tyson_oscillator_in_situ] Running simulation 224 of 441
2018-12-17 14:12:39.548 - pysb.simulator.scipyode - INFO - [models.tyson_oscillator_in_situ] Running simulation 225 of 441
2018-12-17 14:12:39.606 - pysb.simulator.scipyode - INFO - [models.tyson_oscillator_in_situ] Running simulation 226 of 441
2018-12-17 14:12:39.668 - pysb.simulator.scipyode - INFO - [models.tyson_oscillator_in_situ] Running simulation 227 of 441
2018-12-17 14:12:39.725 - pysb.simulator.scipyode - INFO - [models.tyson_oscillator_in_situ] Running simulation 228 of 441
2018-12-17 14:12:39.786 - pysb.simulator.scipyode - INFO - [models.tyson_oscillator_in_situ] Running simulation 229 of 441
2018-12-17 14:12:39.848 - pysb.simulator.scipyode - INFO - [models.tyson_oscillator_in_situ] Running simulation 230 of 441
2018-12-17 14:12:39.907 - pysb.simulator.scipyode - INFO - [models.tyson_oscillator_in_situ] Running simulation 231 of 441
2018-12-17 14:12:39.970 - pysb.simulator.scipyode - INFO - [models.tyson_oscillator_in_situ] Running simulation 232 of 441
2018-12-17 14:12:40.027 - pysb.simulator.scipyode - INFO - [models.tyson_oscillator_in_situ] Running simulation 233 of 441
2018-12-17 14:12:40.081 - pysb.simulator.scipyode - INFO - [models.tyson_oscillator_in_situ] Running simulation 234 of 441
2018-12-17 14:12:40.137 - pysb.simulator.scipyode - INFO - [models.tyson_oscillator_in_situ] Running simulation 235 of 441
2018-12-17 14:12:40.197 - pysb.simulator.scipyode - INFO - [models.tyson_oscillator_in_situ] Running simulation 236 of 441
2018-12-17 14:12:40.253 - pysb.simulator.scipyode - INFO - [models.tyson_oscillator_in_situ] Running simulation 237 of 441
2018-12-17 14:12:40.307 - pysb.simulator.scipyode - INFO - [models.tyson_oscillator_in_situ] Running simulation 238 of 441
2018-12-17 14:12:40.360 - pysb.simulator.scipyode - INFO - [models.tyson_oscillator_in_situ] Running simulation 239 of 441
2018-12-17 14:12:40.416 - pysb.simulator.scipyode - INFO - [models.tyson_oscillator_in_situ] Running simulation 240 of 441
2018-12-17 14:12:40.479 - pysb.simulator.scipyode - INFO - [models.tyson_oscillator_in_situ] Running simulation 241 of 441
2018-12-17 14:12:40.544 - pysb.simulator.scipyode - INFO - [models.tyson_oscillator_in_situ] Running simulation 242 of 441
2018-12-17 14:12:40.602 - pysb.simulator.scipyode - INFO - [models.tyson_oscillator_in_situ] Running simulation 243 of 441
2018-12-17 14:12:40.658 - pysb.simulator.scipyode - INFO - [models.tyson_oscillator_in_situ] Running simulation 244 of 441
2018-12-17 14:12:40.715 - pysb.simulator.scipyode - INFO - [models.tyson_oscillator_in_situ] Running simulation 245 of 441
2018-12-17 14:12:40.773 - pysb.simulator.scipyode - INFO - [models.tyson_oscillator_in_situ] Running simulation 246 of 441
2018-12-17 14:12:40.828 - pysb.simulator.scipyode - INFO - [models.tyson_oscillator_in_situ] Running simulation 247 of 441
2018-12-17 14:12:40.883 - pysb.simulator.scipyode - INFO - [models.tyson_oscillator_in_situ] Running simulation 248 of 441
2018-12-17 14:12:40.940 - pysb.simulator.scipyode - INFO - [models.tyson_oscillator_in_situ] Running simulation 249 of 441
2018-12-17 14:12:40.995 - pysb.simulator.scipyode - INFO - [models.tyson_oscillator_in_situ] Running simulation 250 of 441
2018-12-17 14:12:41.057 - pysb.simulator.scipyode - INFO - [models.tyson_oscillator_in_situ] Running simulation 251 of 441
2018-12-17 14:12:41.114 - pysb.simulator.scipyode - INFO - [models.tyson_oscillator_in_situ] Running simulation 252 of 441
2018-12-17 14:12:41.170 - pysb.simulator.scipyode - INFO - [models.tyson_oscillator_in_situ] Running simulation 253 of 441
2018-12-17 14:12:41.228 - pysb.simulator.scipyode - INFO - [models.tyson_oscillator_in_situ] Running simulation 254 of 441
2018-12-17 14:12:41.281 - pysb.simulator.scipyode - INFO - [models.tyson_oscillator_in_situ] Running simulation 255 of 441
2018-12-17 14:12:41.339 - pysb.simulator.scipyode - INFO - [models.tyson_oscillator_in_situ] Running simulation 256 of 441
2018-12-17 14:12:41.403 - pysb.simulator.scipyode - INFO - [models.tyson_oscillator_in_situ] Running simulation 257 of 441
2018-12-17 14:12:41.468 - pysb.simulator.scipyode - INFO - [models.tyson_oscillator_in_situ] Running simulation 258 of 441
2018-12-17 14:12:41.523 - pysb.simulator.scipyode - INFO - [models.tyson_oscillator_in_situ] Running simulation 259 of 441
2018-12-17 14:12:41.580 - pysb.simulator.scipyode - INFO - [models.tyson_oscillator_in_situ] Running simulation 260 of 441
2018-12-17 14:12:41.637 - pysb.simulator.scipyode - INFO - [models.tyson_oscillator_in_situ] Running simulation 261 of 441
2018-12-17 14:12:41.693 - pysb.simulator.scipyode - INFO - [models.tyson_oscillator_in_situ] Running simulation 262 of 441
2018-12-17 14:12:41.743 - pysb.simulator.scipyode - INFO - [models.tyson_oscillator_in_situ] Running simulation 263 of 441
2018-12-17 14:12:41.798 - pysb.simulator.scipyode - INFO - [models.tyson_oscillator_in_situ] Running simulation 264 of 441
2018-12-17 14:12:41.855 - pysb.simulator.scipyode - INFO - [models.tyson_oscillator_in_situ] Running simulation 265 of 441
2018-12-17 14:12:41.915 - pysb.simulator.scipyode - INFO - [models.tyson_oscillator_in_situ] Running simulation 266 of 441
2018-12-17 14:12:41.975 - pysb.simulator.scipyode - INFO - [models.tyson_oscillator_in_situ] Running simulation 267 of 441
2018-12-17 14:12:42.036 - pysb.simulator.scipyode - INFO - [models.tyson_oscillator_in_situ] Running simulation 268 of 441
2018-12-17 14:12:42.094 - pysb.simulator.scipyode - INFO - [models.tyson_oscillator_in_situ] Running simulation 269 of 441
2018-12-17 14:12:42.147 - pysb.simulator.scipyode - INFO - [models.tyson_oscillator_in_situ] Running simulation 270 of 441
2018-12-17 14:12:42.201 - pysb.simulator.scipyode - INFO - [models.tyson_oscillator_in_situ] Running simulation 271 of 441
2018-12-17 14:12:42.257 - pysb.simulator.scipyode - INFO - [models.tyson_oscillator_in_situ] Running simulation 272 of 441
2018-12-17 14:12:42.330 - pysb.simulator.scipyode - INFO - [models.tyson_oscillator_in_situ] Running simulation 273 of 441
2018-12-17 14:12:42.387 - pysb.simulator.scipyode - INFO - [models.tyson_oscillator_in_situ] Running simulation 274 of 441
2018-12-17 14:12:42.451 - pysb.simulator.scipyode - INFO - [models.tyson_oscillator_in_situ] Running simulation 275 of 441
2018-12-17 14:12:42.507 - pysb.simulator.scipyode - INFO - [models.tyson_oscillator_in_situ] Running simulation 276 of 441
2018-12-17 14:12:42.565 - pysb.simulator.scipyode - INFO - [models.tyson_oscillator_in_situ] Running simulation 277 of 441
2018-12-17 14:12:42.623 - pysb.simulator.scipyode - INFO - [models.tyson_oscillator_in_situ] Running simulation 278 of 441
2018-12-17 14:12:42.683 - pysb.simulator.scipyode - INFO - [models.tyson_oscillator_in_situ] Running simulation 279 of 441
2018-12-17 14:12:42.740 - pysb.simulator.scipyode - INFO - [models.tyson_oscillator_in_situ] Running simulation 280 of 441
2018-12-17 14:12:42.795 - pysb.simulator.scipyode - INFO - [models.tyson_oscillator_in_situ] Running simulation 281 of 441
2018-12-17 14:12:42.851 - pysb.simulator.scipyode - INFO - [models.tyson_oscillator_in_situ] Running simulation 282 of 441
2018-12-17 14:12:42.913 - pysb.simulator.scipyode - INFO - [models.tyson_oscillator_in_situ] Running simulation 283 of 441
2018-12-17 14:12:42.971 - pysb.simulator.scipyode - INFO - [models.tyson_oscillator_in_situ] Running simulation 284 of 441
2018-12-17 14:12:43.024 - pysb.simulator.scipyode - INFO - [models.tyson_oscillator_in_situ] Running simulation 285 of 441
2018-12-17 14:12:43.078 - pysb.simulator.scipyode - INFO - [models.tyson_oscillator_in_situ] Running simulation 286 of 441
2018-12-17 14:12:43.137 - pysb.simulator.scipyode - INFO - [models.tyson_oscillator_in_situ] Running simulation 287 of 441
2018-12-17 14:12:43.194 - pysb.simulator.scipyode - INFO - [models.tyson_oscillator_in_situ] Running simulation 288 of 441
2018-12-17 14:12:43.253 - pysb.simulator.scipyode - INFO - [models.tyson_oscillator_in_situ] Running simulation 289 of 441
2018-12-17 14:12:43.311 - pysb.simulator.scipyode - INFO - [models.tyson_oscillator_in_situ] Running simulation 290 of 441
2018-12-17 14:12:43.369 - pysb.simulator.scipyode - INFO - [models.tyson_oscillator_in_situ] Running simulation 291 of 441
2018-12-17 14:12:43.432 - pysb.simulator.scipyode - INFO - [models.tyson_oscillator_in_situ] Running simulation 292 of 441
2018-12-17 14:12:43.488 - pysb.simulator.scipyode - INFO - [models.tyson_oscillator_in_situ] Running simulation 293 of 441
2018-12-17 14:12:43.547 - pysb.simulator.scipyode - INFO - [models.tyson_oscillator_in_situ] Running simulation 294 of 441
2018-12-17 14:12:43.609 - pysb.simulator.scipyode - INFO - [models.tyson_oscillator_in_situ] Running simulation 295 of 441
2018-12-17 14:12:43.667 - pysb.simulator.scipyode - INFO - [models.tyson_oscillator_in_situ] Running simulation 296 of 441
2018-12-17 14:12:43.721 - pysb.simulator.scipyode - INFO - [models.tyson_oscillator_in_situ] Running simulation 297 of 441
2018-12-17 14:12:43.774 - pysb.simulator.scipyode - INFO - [models.tyson_oscillator_in_situ] Running simulation 298 of 441
2018-12-17 14:12:43.830 - pysb.simulator.scipyode - INFO - [models.tyson_oscillator_in_situ] Running simulation 299 of 441
2018-12-17 14:12:43.887 - pysb.simulator.scipyode - INFO - [models.tyson_oscillator_in_situ] Running simulation 300 of 441
2018-12-17 14:12:43.948 - pysb.simulator.scipyode - INFO - [models.tyson_oscillator_in_situ] Running simulation 301 of 441
2018-12-17 14:12:44.010 - pysb.simulator.scipyode - INFO - [models.tyson_oscillator_in_situ] Running simulation 302 of 441
2018-12-17 14:12:44.071 - pysb.simulator.scipyode - INFO - [models.tyson_oscillator_in_situ] Running simulation 303 of 441
2018-12-17 14:12:44.126 - pysb.simulator.scipyode - INFO - [models.tyson_oscillator_in_situ] Running simulation 304 of 441
2018-12-17 14:12:44.186 - pysb.simulator.scipyode - INFO - [models.tyson_oscillator_in_situ] Running simulation 305 of 441
2018-12-17 14:12:44.243 - pysb.simulator.scipyode - INFO - [models.tyson_oscillator_in_situ] Running simulation 306 of 441
2018-12-17 14:12:44.298 - pysb.simulator.scipyode - INFO - [models.tyson_oscillator_in_situ] Running simulation 307 of 441
2018-12-17 14:12:44.350 - pysb.simulator.scipyode - INFO - [models.tyson_oscillator_in_situ] Running simulation 308 of 441
2018-12-17 14:12:44.409 - pysb.simulator.scipyode - INFO - [models.tyson_oscillator_in_situ] Running simulation 309 of 441
2018-12-17 14:12:44.473 - pysb.simulator.scipyode - INFO - [models.tyson_oscillator_in_situ] Running simulation 310 of 441
2018-12-17 14:12:44.532 - pysb.simulator.scipyode - INFO - [models.tyson_oscillator_in_situ] Running simulation 311 of 441
2018-12-17 14:12:44.587 - pysb.simulator.scipyode - INFO - [models.tyson_oscillator_in_situ] Running simulation 312 of 441
2018-12-17 14:12:44.649 - pysb.simulator.scipyode - INFO - [models.tyson_oscillator_in_situ] Running simulation 313 of 441
2018-12-17 14:12:44.710 - pysb.simulator.scipyode - INFO - [models.tyson_oscillator_in_situ] Running simulation 314 of 441
2018-12-17 14:12:44.771 - pysb.simulator.scipyode - INFO - [models.tyson_oscillator_in_situ] Running simulation 315 of 441
2018-12-17 14:12:44.828 - pysb.simulator.scipyode - INFO - [models.tyson_oscillator_in_situ] Running simulation 316 of 441
2018-12-17 14:12:44.882 - pysb.simulator.scipyode - INFO - [models.tyson_oscillator_in_situ] Running simulation 317 of 441
2018-12-17 14:12:44.940 - pysb.simulator.scipyode - INFO - [models.tyson_oscillator_in_situ] Running simulation 318 of 441
2018-12-17 14:12:44.999 - pysb.simulator.scipyode - INFO - [models.tyson_oscillator_in_situ] Running simulation 319 of 441
2018-12-17 14:12:45.055 - pysb.simulator.scipyode - INFO - [models.tyson_oscillator_in_situ] Running simulation 320 of 441
2018-12-17 14:12:45.114 - pysb.simulator.scipyode - INFO - [models.tyson_oscillator_in_situ] Running simulation 321 of 441
2018-12-17 14:12:45.171 - pysb.simulator.scipyode - INFO - [models.tyson_oscillator_in_situ] Running simulation 322 of 441
2018-12-17 14:12:45.228 - pysb.simulator.scipyode - INFO - [models.tyson_oscillator_in_situ] Running simulation 323 of 441
2018-12-17 14:12:45.285 - pysb.simulator.scipyode - INFO - [models.tyson_oscillator_in_situ] Running simulation 324 of 441
2018-12-17 14:12:45.343 - pysb.simulator.scipyode - INFO - [models.tyson_oscillator_in_situ] Running simulation 325 of 441
2018-12-17 14:12:45.405 - pysb.simulator.scipyode - INFO - [models.tyson_oscillator_in_situ] Running simulation 326 of 441
2018-12-17 14:12:45.461 - pysb.simulator.scipyode - INFO - [models.tyson_oscillator_in_situ] Running simulation 327 of 441
2018-12-17 14:12:45.518 - pysb.simulator.scipyode - INFO - [models.tyson_oscillator_in_situ] Running simulation 328 of 441
2018-12-17 14:12:45.573 - pysb.simulator.scipyode - INFO - [models.tyson_oscillator_in_situ] Running simulation 329 of 441
2018-12-17 14:12:45.627 - pysb.simulator.scipyode - INFO - [models.tyson_oscillator_in_situ] Running simulation 330 of 441
2018-12-17 14:12:45.682 - pysb.simulator.scipyode - INFO - [models.tyson_oscillator_in_situ] Running simulation 331 of 441
2018-12-17 14:12:45.737 - pysb.simulator.scipyode - INFO - [models.tyson_oscillator_in_situ] Running simulation 332 of 441
2018-12-17 14:12:45.799 - pysb.simulator.scipyode - INFO - [models.tyson_oscillator_in_situ] Running simulation 333 of 441
2018-12-17 14:12:45.852 - pysb.simulator.scipyode - INFO - [models.tyson_oscillator_in_situ] Running simulation 334 of 441
2018-12-17 14:12:45.910 - pysb.simulator.scipyode - INFO - [models.tyson_oscillator_in_situ] Running simulation 335 of 441
2018-12-17 14:12:45.974 - pysb.simulator.scipyode - INFO - [models.tyson_oscillator_in_situ] Running simulation 336 of 441
2018-12-17 14:12:46.035 - pysb.simulator.scipyode - INFO - [models.tyson_oscillator_in_situ] Running simulation 337 of 441
2018-12-17 14:12:46.092 - pysb.simulator.scipyode - INFO - [models.tyson_oscillator_in_situ] Running simulation 338 of 441
2018-12-17 14:12:46.144 - pysb.simulator.scipyode - INFO - [models.tyson_oscillator_in_situ] Running simulation 339 of 441
2018-12-17 14:12:46.199 - pysb.simulator.scipyode - INFO - [models.tyson_oscillator_in_situ] Running simulation 340 of 441
2018-12-17 14:12:46.255 - pysb.simulator.scipyode - INFO - [models.tyson_oscillator_in_situ] Running simulation 341 of 441
2018-12-17 14:12:46.311 - pysb.simulator.scipyode - INFO - [models.tyson_oscillator_in_situ] Running simulation 342 of 441
2018-12-17 14:12:46.369 - pysb.simulator.scipyode - INFO - [models.tyson_oscillator_in_situ] Running simulation 343 of 441
2018-12-17 14:12:46.423 - pysb.simulator.scipyode - INFO - [models.tyson_oscillator_in_situ] Running simulation 344 of 441
2018-12-17 14:12:46.483 - pysb.simulator.scipyode - INFO - [models.tyson_oscillator_in_situ] Running simulation 345 of 441
2018-12-17 14:12:46.539 - pysb.simulator.scipyode - INFO - [models.tyson_oscillator_in_situ] Running simulation 346 of 441
2018-12-17 14:12:46.601 - pysb.simulator.scipyode - INFO - [models.tyson_oscillator_in_situ] Running simulation 347 of 441
2018-12-17 14:12:46.658 - pysb.simulator.scipyode - INFO - [models.tyson_oscillator_in_situ] Running simulation 348 of 441
2018-12-17 14:12:46.713 - pysb.simulator.scipyode - INFO - [models.tyson_oscillator_in_situ] Running simulation 349 of 441
2018-12-17 14:12:46.768 - pysb.simulator.scipyode - INFO - [models.tyson_oscillator_in_situ] Running simulation 350 of 441
2018-12-17 14:12:46.824 - pysb.simulator.scipyode - INFO - [models.tyson_oscillator_in_situ] Running simulation 351 of 441
2018-12-17 14:12:46.886 - pysb.simulator.scipyode - INFO - [models.tyson_oscillator_in_situ] Running simulation 352 of 441
2018-12-17 14:12:46.951 - pysb.simulator.scipyode - INFO - [models.tyson_oscillator_in_situ] Running simulation 353 of 441
2018-12-17 14:12:47.010 - pysb.simulator.scipyode - INFO - [models.tyson_oscillator_in_situ] Running simulation 354 of 441
2018-12-17 14:12:47.067 - pysb.simulator.scipyode - INFO - [models.tyson_oscillator_in_situ] Running simulation 355 of 441
2018-12-17 14:12:47.128 - pysb.simulator.scipyode - INFO - [models.tyson_oscillator_in_situ] Running simulation 356 of 441
2018-12-17 14:12:47.187 - pysb.simulator.scipyode - INFO - [models.tyson_oscillator_in_situ] Running simulation 357 of 441
2018-12-17 14:12:47.246 - pysb.simulator.scipyode - INFO - [models.tyson_oscillator_in_situ] Running simulation 358 of 441
2018-12-17 14:12:47.299 - pysb.simulator.scipyode - INFO - [models.tyson_oscillator_in_situ] Running simulation 359 of 441
2018-12-17 14:12:47.354 - pysb.simulator.scipyode - INFO - [models.tyson_oscillator_in_situ] Running simulation 360 of 441
2018-12-17 14:12:47.411 - pysb.simulator.scipyode - INFO - [models.tyson_oscillator_in_situ] Running simulation 361 of 441
2018-12-17 14:12:47.471 - pysb.simulator.scipyode - INFO - [models.tyson_oscillator_in_situ] Running simulation 362 of 441
2018-12-17 14:12:47.531 - pysb.simulator.scipyode - INFO - [models.tyson_oscillator_in_situ] Running simulation 363 of 441
2018-12-17 14:12:47.589 - pysb.simulator.scipyode - INFO - [models.tyson_oscillator_in_situ] Running simulation 364 of 441
2018-12-17 14:12:47.646 - pysb.simulator.scipyode - INFO - [models.tyson_oscillator_in_situ] Running simulation 365 of 441
2018-12-17 14:12:47.702 - pysb.simulator.scipyode - INFO - [models.tyson_oscillator_in_situ] Running simulation 366 of 441
2018-12-17 14:12:47.766 - pysb.simulator.scipyode - INFO - [models.tyson_oscillator_in_situ] Running simulation 367 of 441
2018-12-17 14:12:47.824 - pysb.simulator.scipyode - INFO - [models.tyson_oscillator_in_situ] Running simulation 368 of 441
2018-12-17 14:12:47.882 - pysb.simulator.scipyode - INFO - [models.tyson_oscillator_in_situ] Running simulation 369 of 441
2018-12-17 14:12:47.945 - pysb.simulator.scipyode - INFO - [models.tyson_oscillator_in_situ] Running simulation 370 of 441
2018-12-17 14:12:48.004 - pysb.simulator.scipyode - INFO - [models.tyson_oscillator_in_situ] Running simulation 371 of 441
2018-12-17 14:12:48.066 - pysb.simulator.scipyode - INFO - [models.tyson_oscillator_in_situ] Running simulation 372 of 441
2018-12-17 14:12:48.126 - pysb.simulator.scipyode - INFO - [models.tyson_oscillator_in_situ] Running simulation 373 of 441
2018-12-17 14:12:48.183 - pysb.simulator.scipyode - INFO - [models.tyson_oscillator_in_situ] Running simulation 374 of 441
2018-12-17 14:12:48.245 - pysb.simulator.scipyode - INFO - [models.tyson_oscillator_in_situ] Running simulation 375 of 441
2018-12-17 14:12:48.302 - pysb.simulator.scipyode - INFO - [models.tyson_oscillator_in_situ] Running simulation 376 of 441
2018-12-17 14:12:48.367 - pysb.simulator.scipyode - INFO - [models.tyson_oscillator_in_situ] Running simulation 377 of 441
2018-12-17 14:12:48.427 - pysb.simulator.scipyode - INFO - [models.tyson_oscillator_in_situ] Running simulation 378 of 441
2018-12-17 14:12:48.493 - pysb.simulator.scipyode - INFO - [models.tyson_oscillator_in_situ] Running simulation 379 of 441
2018-12-17 14:12:48.553 - pysb.simulator.scipyode - INFO - [models.tyson_oscillator_in_situ] Running simulation 380 of 441
2018-12-17 14:12:48.610 - pysb.simulator.scipyode - INFO - [models.tyson_oscillator_in_situ] Running simulation 381 of 441
2018-12-17 14:12:48.670 - pysb.simulator.scipyode - INFO - [models.tyson_oscillator_in_situ] Running simulation 382 of 441
2018-12-17 14:12:48.742 - pysb.simulator.scipyode - INFO - [models.tyson_oscillator_in_situ] Running simulation 383 of 441
2018-12-17 14:12:48.805 - pysb.simulator.scipyode - INFO - [models.tyson_oscillator_in_situ] Running simulation 384 of 441
2018-12-17 14:12:48.866 - pysb.simulator.scipyode - INFO - [models.tyson_oscillator_in_situ] Running simulation 385 of 441
2018-12-17 14:12:48.935 - pysb.simulator.scipyode - INFO - [models.tyson_oscillator_in_situ] Running simulation 386 of 441
2018-12-17 14:12:48.998 - pysb.simulator.scipyode - INFO - [models.tyson_oscillator_in_situ] Running simulation 387 of 441
2018-12-17 14:12:49.060 - pysb.simulator.scipyode - INFO - [models.tyson_oscillator_in_situ] Running simulation 388 of 441
2018-12-17 14:12:49.119 - pysb.simulator.scipyode - INFO - [models.tyson_oscillator_in_situ] Running simulation 389 of 441
2018-12-17 14:12:49.177 - pysb.simulator.scipyode - INFO - [models.tyson_oscillator_in_situ] Running simulation 390 of 441
2018-12-17 14:12:49.236 - pysb.simulator.scipyode - INFO - [models.tyson_oscillator_in_situ] Running simulation 391 of 441
2018-12-17 14:12:49.297 - pysb.simulator.scipyode - INFO - [models.tyson_oscillator_in_situ] Running simulation 392 of 441
2018-12-17 14:12:49.359 - pysb.simulator.scipyode - INFO - [models.tyson_oscillator_in_situ] Running simulation 393 of 441
2018-12-17 14:12:49.418 - pysb.simulator.scipyode - INFO - [models.tyson_oscillator_in_situ] Running simulation 394 of 441
2018-12-17 14:12:49.476 - pysb.simulator.scipyode - INFO - [models.tyson_oscillator_in_situ] Running simulation 395 of 441
2018-12-17 14:12:49.530 - pysb.simulator.scipyode - INFO - [models.tyson_oscillator_in_situ] Running simulation 396 of 441
2018-12-17 14:12:49.583 - pysb.simulator.scipyode - INFO - [models.tyson_oscillator_in_situ] Running simulation 397 of 441
2018-12-17 14:12:49.644 - pysb.simulator.scipyode - INFO - [models.tyson_oscillator_in_situ] Running simulation 398 of 441
2018-12-17 14:12:49.700 - pysb.simulator.scipyode - INFO - [models.tyson_oscillator_in_situ] Running simulation 399 of 441
2018-12-17 14:12:49.754 - pysb.simulator.scipyode - INFO - [models.tyson_oscillator_in_situ] Running simulation 400 of 441
2018-12-17 14:12:49.812 - pysb.simulator.scipyode - INFO - [models.tyson_oscillator_in_situ] Running simulation 401 of 441
2018-12-17 14:12:49.869 - pysb.simulator.scipyode - INFO - [models.tyson_oscillator_in_situ] Running simulation 402 of 441
2018-12-17 14:12:49.922 - pysb.simulator.scipyode - INFO - [models.tyson_oscillator_in_situ] Running simulation 403 of 441
2018-12-17 14:12:49.981 - pysb.simulator.scipyode - INFO - [models.tyson_oscillator_in_situ] Running simulation 404 of 441
2018-12-17 14:12:50.037 - pysb.simulator.scipyode - INFO - [models.tyson_oscillator_in_situ] Running simulation 405 of 441
2018-12-17 14:12:50.095 - pysb.simulator.scipyode - INFO - [models.tyson_oscillator_in_situ] Running simulation 406 of 441
2018-12-17 14:12:50.151 - pysb.simulator.scipyode - INFO - [models.tyson_oscillator_in_situ] Running simulation 407 of 441
2018-12-17 14:12:50.207 - pysb.simulator.scipyode - INFO - [models.tyson_oscillator_in_situ] Running simulation 408 of 441
2018-12-17 14:12:50.267 - pysb.simulator.scipyode - INFO - [models.tyson_oscillator_in_situ] Running simulation 409 of 441
2018-12-17 14:12:50.322 - pysb.simulator.scipyode - INFO - [models.tyson_oscillator_in_situ] Running simulation 410 of 441
2018-12-17 14:12:50.383 - pysb.simulator.scipyode - INFO - [models.tyson_oscillator_in_situ] Running simulation 411 of 441
2018-12-17 14:12:50.441 - pysb.simulator.scipyode - INFO - [models.tyson_oscillator_in_situ] Running simulation 412 of 441
2018-12-17 14:12:50.502 - pysb.simulator.scipyode - INFO - [models.tyson_oscillator_in_situ] Running simulation 413 of 441
2018-12-17 14:12:50.558 - pysb.simulator.scipyode - INFO - [models.tyson_oscillator_in_situ] Running simulation 414 of 441
2018-12-17 14:12:50.614 - pysb.simulator.scipyode - INFO - [models.tyson_oscillator_in_situ] Running simulation 415 of 441
2018-12-17 14:12:50.673 - pysb.simulator.scipyode - INFO - [models.tyson_oscillator_in_situ] Running simulation 416 of 441
2018-12-17 14:12:50.732 - pysb.simulator.scipyode - INFO - [models.tyson_oscillator_in_situ] Running simulation 417 of 441
2018-12-17 14:12:50.789 - pysb.simulator.scipyode - INFO - [models.tyson_oscillator_in_situ] Running simulation 418 of 441
2018-12-17 14:12:50.843 - pysb.simulator.scipyode - INFO - [models.tyson_oscillator_in_situ] Running simulation 419 of 441
2018-12-17 14:12:50.901 - pysb.simulator.scipyode - INFO - [models.tyson_oscillator_in_situ] Running simulation 420 of 441
2018-12-17 14:12:50.962 - pysb.simulator.scipyode - INFO - [models.tyson_oscillator_in_situ] Running simulation 421 of 441
2018-12-17 14:12:51.020 - pysb.simulator.scipyode - INFO - [models.tyson_oscillator_in_situ] Running simulation 422 of 441
2018-12-17 14:12:51.076 - pysb.simulator.scipyode - INFO - [models.tyson_oscillator_in_situ] Running simulation 423 of 441
2018-12-17 14:12:51.132 - pysb.simulator.scipyode - INFO - [models.tyson_oscillator_in_situ] Running simulation 424 of 441
2018-12-17 14:12:51.186 - pysb.simulator.scipyode - INFO - [models.tyson_oscillator_in_situ] Running simulation 425 of 441
2018-12-17 14:12:51.244 - pysb.simulator.scipyode - INFO - [models.tyson_oscillator_in_situ] Running simulation 426 of 441
2018-12-17 14:12:51.302 - pysb.simulator.scipyode - INFO - [models.tyson_oscillator_in_situ] Running simulation 427 of 441
2018-12-17 14:12:51.358 - pysb.simulator.scipyode - INFO - [models.tyson_oscillator_in_situ] Running simulation 428 of 441
2018-12-17 14:12:51.414 - pysb.simulator.scipyode - INFO - [models.tyson_oscillator_in_situ] Running simulation 429 of 441
2018-12-17 14:12:51.469 - pysb.simulator.scipyode - INFO - [models.tyson_oscillator_in_situ] Running simulation 430 of 441
2018-12-17 14:12:51.527 - pysb.simulator.scipyode - INFO - [models.tyson_oscillator_in_situ] Running simulation 431 of 441
2018-12-17 14:12:51.582 - pysb.simulator.scipyode - INFO - [models.tyson_oscillator_in_situ] Running simulation 432 of 441
2018-12-17 14:12:51.637 - pysb.simulator.scipyode - INFO - [models.tyson_oscillator_in_situ] Running simulation 433 of 441
2018-12-17 14:12:51.696 - pysb.simulator.scipyode - INFO - [models.tyson_oscillator_in_situ] Running simulation 434 of 441
2018-12-17 14:12:51.750 - pysb.simulator.scipyode - INFO - [models.tyson_oscillator_in_situ] Running simulation 435 of 441
2018-12-17 14:12:51.806 - pysb.simulator.scipyode - INFO - [models.tyson_oscillator_in_situ] Running simulation 436 of 441
2018-12-17 14:12:51.868 - pysb.simulator.scipyode - INFO - [models.tyson_oscillator_in_situ] Running simulation 437 of 441
2018-12-17 14:12:51.924 - pysb.simulator.scipyode - INFO - [models.tyson_oscillator_in_situ] Running simulation 438 of 441
2018-12-17 14:12:51.981 - pysb.simulator.scipyode - INFO - [models.tyson_oscillator_in_situ] Running simulation 439 of 441
2018-12-17 14:12:52.037 - pysb.simulator.scipyode - INFO - [models.tyson_oscillator_in_situ] Running simulation 440 of 441
2018-12-17 14:12:52.097 - pysb.simulator.scipyode - INFO - [models.tyson_oscillator_in_situ] Running simulation 441 of 441
2018-12-17 14:12:52.162 - pysb.simulator.scipyode - INFO - [models.tyson_oscillator_in_situ] All simulation(s) complete
